Epoch 2 completed in 338.46s. Loss=0.6519. train_acc=0.6448235294117647. dev_seen_acc=0.506. dev_seen_auc=0.4745163303515707 (338.4577s)
-----------------------------------
Epoch 3
-----------------------------------
    Batch [50/133] Loss: 0.6524 Train Acc: 0.6406 (1.0305s)
    Batch [100/133] Loss: 0.6300 Train Acc: 0.6719 (1.0346s)
Epoch 3 completed in 337.46s. Loss=0.6507. train_acc=0.6448235294117647. dev_seen_acc=0.506. dev_seen_auc=0.4907266646397081 (337.4628s)
-----------------------------------
Epoch 4
-----------------------------------
    Batch [50/133] Loss: 0.6184 Train Acc: 0.7344 (1.0318s)
    Batch [100/133] Loss: 0.6486 Train Acc: 0.6562 (1.0327s)
Epoch 4 completed in 335.69s. Loss=0.6526. train_acc=0.6448235294117647. dev_seen_acc=0.506. dev_seen_auc=0.49199084668192217 (335.6852s)
-----------------------------------
Epoch 5
-----------------------------------
    Batch [50/133] Loss: 0.6961 Train Acc: 0.5625 (1.0339s)
    Batch [100/133] Loss: 0.7369 Train Acc: 0.5312 (1.0346s)
Epoch 5 completed in 337.74s. Loss=0.6516. train_acc=0.6448235294117647. dev_seen_acc=0.506. dev_seen_auc=0.511081595749788 (337.7383s)
Save checkpoint when epo=4
-----------------------------------
Epoch 6
-----------------------------------
    Batch [50/133] Loss: 0.7024 Train Acc: 0.5469 (1.0357s)
    Batch [100/133] Loss: 0.6427 Train Acc: 0.6562 (1.0325s)
Epoch 6 completed in 339.36s. Loss=0.6527. train_acc=0.6448235294117647. dev_seen_acc=0.506. dev_seen_auc=0.5156422524843578 (339.3571s)
Save checkpoint when epo=5
-----------------------------------
Epoch 7
-----------------------------------
    Batch [50/133] Loss: 0.6060 Train Acc: 0.7031 (1.0361s)
    Batch [100/133] Loss: 0.6692 Train Acc: 0.6094 (1.0325s)
Epoch 7 completed in 339.79s. Loss=0.6515. train_acc=0.6448235294117647. dev_seen_acc=0.506. dev_seen_auc=0.4751564225248436 (339.7879s)
-----------------------------------
Epoch 8
-----------------------------------
    Batch [50/133] Loss: 0.6530 Train Acc: 0.6406 (1.0337s)
    Batch [100/133] Loss: 0.6202 Train Acc: 0.7031 (1.0322s)
Epoch 8 completed in 340.49s. Loss=0.6511. train_acc=0.6448235294117647. dev_seen_acc=0.506. dev_seen_auc=0.4871421484693796 (340.4871s)
-----------------------------------
Epoch 9
-----------------------------------
    Batch [50/133] Loss: 0.6196 Train Acc: 0.6875 (1.0345s)
    Batch [100/133] Loss: 0.7067 Train Acc: 0.5625 (1.0322s)
Epoch 9 completed in 343.12s. Loss=0.6518. train_acc=0.6448235294117647. dev_seen_acc=0.506. dev_seen_auc=0.5309404554255813 (343.1213s)
Save checkpoint when epo=8
-----------------------------------
Epoch 10
-----------------------------------
    Batch [50/133] Loss: 0.6734 Train Acc: 0.6094 (1.0349s)
    Batch [100/133] Loss: 0.5922 Train Acc: 0.7500 (1.0370s)
Epoch 10 completed in 338.08s. Loss=0.6523. train_acc=0.6448235294117647. dev_seen_acc=0.506. dev_seen_auc=0.5256916996047432 (338.0790s)
-----------------------------------
Epoch 11
-----------------------------------
    Batch [50/133] Loss: 0.5749 Train Acc: 0.7656 (1.0384s)
    Batch [100/133] Loss: 0.6325 Train Acc: 0.6875 (1.0342s)
Epoch 11 completed in 340.44s. Loss=0.6516. train_acc=0.6448235294117647. dev_seen_acc=0.506. dev_seen_auc=0.538045478548911 (340.4406s)
Save checkpoint when epo=10
-----------------------------------
Epoch 12
-----------------------------------
    Batch [50/133] Loss: 0.6921 Train Acc: 0.5781 (1.0360s)
    Batch [100/133] Loss: 0.6190 Train Acc: 0.6875 (1.0338s)
Epoch 12 completed in 340.67s. Loss=0.6520. train_acc=0.6448235294117647. dev_seen_acc=0.506. dev_seen_auc=0.4548975052407547 (340.6737s)
-----------------------------------
Epoch 13
-----------------------------------
    Batch [50/133] Loss: 0.6072 Train Acc: 0.7344 (1.0345s)
    Batch [100/133] Loss: 0.5970 Train Acc: 0.7344 (1.0329s)
Epoch 13 completed in 337.29s. Loss=0.6519. train_acc=0.6448235294117647. dev_seen_acc=0.506. dev_seen_auc=0.5382535085052248 (337.2932s)
Save checkpoint when epo=12
-----------------------------------
Epoch 14
-----------------------------------
    Batch [50/133] Loss: 0.5921 Train Acc: 0.7344 (1.0329s)
    Batch [100/133] Loss: 0.5987 Train Acc: 0.7344 (1.0321s)
Epoch 14 completed in 336.59s. Loss=0.6514. train_acc=0.6448235294117647. dev_seen_acc=0.506. dev_seen_auc=0.494551215375014 (336.5943s)
-----------------------------------
Epoch 15
-----------------------------------
    Batch [50/133] Loss: 0.6325 Train Acc: 0.6719 (1.0372s)
    Batch [100/133] Loss: 0.6154 Train Acc: 0.7188 (1.0354s)
Epoch 15 completed in 337.22s. Loss=0.6516. train_acc=0.6448235294117647. dev_seen_acc=0.506. dev_seen_auc=0.5238754380630811 (337.2228s)
-----------------------------------
Epoch 16
-----------------------------------
    Batch [50/133] Loss: 0.6337 Train Acc: 0.6719 (1.0346s)
    Batch [100/133] Loss: 0.7155 Train Acc: 0.5312 (1.0352s)
Epoch 16 completed in 338.53s. Loss=0.6511. train_acc=0.6448235294117647. dev_seen_acc=0.506. dev_seen_auc=0.5036965323006513 (338.5254s)
-----------------------------------
Epoch 17
-----------------------------------
    Batch [50/133] Loss: 0.6648 Train Acc: 0.6250 (1.0280s)
    Batch [100/133] Loss: 0.5947 Train Acc: 0.7344 (1.0355s)
Epoch 17 completed in 339.40s. Loss=0.6513. train_acc=0.6448235294117647. dev_seen_acc=0.506. dev_seen_auc=0.4678593717495319 (339.3965s)
-----------------------------------
Epoch 18
-----------------------------------
    Batch [50/133] Loss: 0.6385 Train Acc: 0.6719 (1.0347s)
    Batch [100/133] Loss: 0.6162 Train Acc: 0.7031 (1.0361s)
Epoch 18 completed in 339.34s. Loss=0.6520. train_acc=0.6448235294117647. dev_seen_acc=0.506. dev_seen_auc=0.49520730985261874 (339.3406s)
-----------------------------------
Epoch 19
-----------------------------------
    Batch [50/133] Loss: 0.6899 Train Acc: 0.5781 (1.0360s)
    Batch [100/133] Loss: 0.6197 Train Acc: 0.7031 (1.0337s)
Epoch 19 completed in 336.91s. Loss=0.6518. train_acc=0.6448235294117647. dev_seen_acc=0.506. dev_seen_auc=0.5294362388183899 (336.9110s)
-----------------------------------
Epoch 20
-----------------------------------
    Batch [50/133] Loss: 0.6872 Train Acc: 0.5781 (1.0334s)
    Batch [100/133] Loss: 0.6366 Train Acc: 0.6719 (1.0355s)
Epoch 20 completed in 338.56s. Loss=0.6514. train_acc=0.6448235294117647. dev_seen_acc=0.506. dev_seen_auc=0.47216399161479256 (338.5629s)
Completed. Final model saved to ./model_output/clip_entire_model_added_sigmoid_gradclip-att-layer5.pt